<?xml version="1.0" encoding="UTF-8"?>
<!-- Generated by org.testng.reporters.JUnitReportReporter -->
<testsuite skipped="0" hostname="Ali" name="day29.PriorityTestNG" tests="6" failures="0" timestamp="2020-11-08T20:12:15 EST" time="0.001" errors="0">
  <testcase name="jack6" time="0.000" classname="day29.PriorityTestNG"/>
  <system-out/>
  <testcase name="jack5" time="0.000" classname="day29.PriorityTestNG"/>
  <system-out/>
  <testcase name="jack4" time="0.000" classname="day29.PriorityTestNG"/>
  <system-out/>
  <testcase name="jack3" time="0.001" classname="day29.PriorityTestNG"/>
  <system-out/>
  <testcase name="jack2" time="0.000" classname="day29.PriorityTestNG"/>
  <system-out/>
  <testcase name="jack1" time="0.000" classname="day29.PriorityTestNG"/>
  <system-out/>
</testsuite> <!-- day29.PriorityTestNG -->
