<?xml version="1.0" encoding="UTF-8"?>
<!-- Generated by org.testng.reporters.JUnitReportReporter -->
<testsuite skipped="0" hostname="Ali" name="day29.Group" tests="1" failures="0" timestamp="2020-11-11T13:56:03 EST" time="0.015" errors="0">
  <testcase name="jack1" time="0.015" classname="day29.Group"/>
  <system-out/>
</testsuite> <!-- day29.Group -->
