<?xml version="1.0" encoding="UTF-8"?>
<!-- Generated by org.testng.reporters.JUnitReportReporter -->
<testsuite skipped="0" hostname="Ali" name="day28.TestNGsample" tests="1" failures="0" timestamp="2020-11-07T20:19:52 EST" time="6.842" errors="0">
  <testcase name="mehtod1" time="6.842" classname="day28.TestNGsample"/>
  <system-out/>
</testsuite> <!-- day28.TestNGsample -->
