<?xml version="1.0" encoding="UTF-8"?>
<!-- Generated by org.testng.reporters.JUnitReportReporter -->
<testsuite skipped="0" hostname="Ali" name="day28.AllAnnotations" tests="4" failures="0" timestamp="2020-11-08T19:50:16 EST" time="0.014" errors="0">
  <testcase name="testmethod" time="0.002" classname="day28.AllAnnotations"/>
  <system-out/>
  <testcase name="testmethod1" time="0.002" classname="day28.AllAnnotations"/>
  <system-out/>
  <testcase name="testmethod1" time="0.001" classname="day28.AllAnnotations"/>
  <system-out/>
  <testcase name="testmethod" time="0.009" classname="day28.AllAnnotations"/>
  <system-out/>
</testsuite> <!-- day28.AllAnnotations -->
